This is pdfTeX, Version 3.141592653-2.6-1.40.25 (TeX Live 2023) (preloaded format=pdflatex 2023.11.17)  6 APR 2024 20:01
entering extended mode
 restricted \write18 enabled.
 %&-line parsing enabled.
**informe.tex
(./informe.tex
LaTeX2e <2022-11-01> patch level 1
L3 programming layer <2023-02-22>
(/usr/local/texlive/2023basic/texmf-dist/tex/latex/base/article.cls
Document Class: article 2022/07/02 v1.4n Standard LaTeX document class
(/usr/local/texlive/2023basic/texmf-dist/tex/latex/base/size10.clo
File: size10.clo 2022/07/02 v1.4n Standard LaTeX file (size option)
)
\c@part=\count185
\c@section=\count186
\c@subsection=\count187
\c@subsubsection=\count188
\c@paragraph=\count189
\c@subparagraph=\count190
\c@figure=\count191
\c@table=\count192
\abovecaptionskip=\skip48
\belowcaptionskip=\skip49
\bibindent=\dimen140
)
(/usr/local/texlive/2023basic/texmf-dist/tex/latex/base/inputenc.sty
Package: inputenc 2021/02/14 v1.3d Input encoding file
\inpenc@prehook=\toks16
\inpenc@posthook=\toks17
)
(/usr/local/texlive/2023basic/texmf-dist/tex/generic/babel/babel.sty
Package: babel 2023/02/13 3.86 The Babel package
\babel@savecnt=\count193
\U@D=\dimen141
\l@unhyphenated=\language23

(/usr/local/texlive/2023basic/texmf-dist/tex/generic/babel/txtbabel.def)
\bbl@readstream=\read2
\bbl@dirlevel=\count194

(/usr/local/texlive/2023basic/texmf-dist/tex/generic/babel-spanish/spanish.ldf
Language: spanish.ldf 2021/05/27 v5.0q Spanish support from the babel system
\es@quottoks=\toks18
\es@quotdepth=\count195
Package babel Info: Making " an active character on input line 570.
Package babel Info: Making . an active character on input line 675.
Package babel Info: Making < an active character on input line 722.
Package babel Info: Making > an active character on input line 722.
))
(/usr/local/texlive/2023basic/texmf-dist/tex/generic/babel/locale/es/babel-span
ish.tex
Package babel Info: Importing font and identification data for spanish
(babel)             from babel-es.ini. Reported on input line 11.
)

! LaTeX Error: File `lipsum.sty' not found.

Type X to quit or <RETURN> to proceed,
or enter new name. (Default extension: sty)

Enter file name: 
(/usr/local/texlive/2023basic/texmf-dist/tex/latex/graphics/graphicx.sty
Package: graphicx 2021/09/16 v1.2d Enhanced LaTeX Graphics (DPC,SPQR)

(/usr/local/texlive/2023basic/texmf-dist/tex/latex/graphics/keyval.sty
Package: keyval 2022/05/29 v1.15 key=value parser (DPC)
\KV@toks@=\toks19
)
(/usr/local/texlive/2023basic/texmf-dist/tex/latex/graphics/graphics.sty
Package: graphics 2022/03/10 v1.4e Standard LaTeX Graphics (DPC,SPQR)

(/usr/local/texlive/2023basic/texmf-dist/tex/latex/graphics/trig.sty
Package: trig 2021/08/11 v1.11 sin cos tan (DPC)
)
(/usr/local/texlive/2023basic/texmf-dist/tex/latex/graphics-cfg/graphics.cfg
File: graphics.cfg 2016/06/04 v1.11 sample graphics configuration
)
Package graphics Info: Driver file: pdftex.def on input line 107.

(/usr/local/texlive/2023basic/texmf-dist/tex/latex/graphics-def/pdftex.def
File: pdftex.def 2022/09/22 v1.2b Graphics/color driver for pdftex
))
\Gin@req@height=\dimen142
\Gin@req@width=\dimen143
)
(/usr/local/texlive/2023basic/texmf-dist/tex/latex/float/float.sty
Package: float 2001/11/08 v1.3d Float enhancements (AL)
\c@float@type=\count196
\float@exts=\toks20
\float@box=\box51
\@float@everytoks=\toks21
\@floatcapt=\box52
)
(/usr/local/texlive/2023basic/texmf-dist/tex/latex/l3backend/l3backend-pdftex.d
ef
File: l3backend-pdftex.def 2023-01-16 L3 backend support: PDF output (pdfTeX)
\l__color_backend_stack_int=\count197
\l__pdf_internal_box=\box53
) (./informe.aux
LaTeX Info: Redefining \. on input line 8.
LaTeX Info: Redefining \% on input line 8.


LaTeX Warning: Label `fig:my_label' multiply defined.


LaTeX Warning: Label `fig:my_label' multiply defined.


LaTeX Warning: Label `fig:my_label' multiply defined.


LaTeX Warning: Label `fig:my_label' multiply defined.


LaTeX Warning: Label `fig:my_label' multiply defined.

)
\openout1 = `informe.aux'.

LaTeX Font Info:    Checking defaults for OML/cmm/m/it on input line 13.
LaTeX Font Info:    ... okay on input line 13.
LaTeX Font Info:    Checking defaults for OMS/cmsy/m/n on input line 13.
LaTeX Font Info:    ... okay on input line 13.
LaTeX Font Info:    Checking defaults for OT1/cmr/m/n on input line 13.
LaTeX Font Info:    ... okay on input line 13.
LaTeX Font Info:    Checking defaults for T1/cmr/m/n on input line 13.
LaTeX Font Info:    ... okay on input line 13.
LaTeX Font Info:    Checking defaults for TS1/cmr/m/n on input line 13.
LaTeX Font Info:    ... okay on input line 13.
LaTeX Font Info:    Checking defaults for OMX/cmex/m/n on input line 13.
LaTeX Font Info:    ... okay on input line 13.
LaTeX Font Info:    Checking defaults for U/cmr/m/n on input line 13.
LaTeX Font Info:    ... okay on input line 13.
LaTeX Info: Redefining \. on input line 13.
LaTeX Info: Redefining \% on input line 13.
 (/usr/local/texlive/2023basic/texmf-dist/tex/context/base/mkii/supp-pdf.mkii
[Loading MPS to PDF converter (version 2006.09.02).]
\scratchcounter=\count198
\scratchdimen=\dimen144
\scratchbox=\box54
\nofMPsegments=\count199
\nofMParguments=\count266
\everyMPshowfont=\toks22
\MPscratchCnt=\count267
\MPscratchDim=\dimen145
\MPnumerator=\count268
\makeMPintoPDFobject=\count269
\everyMPtoPDFconversion=\toks23
)
(/usr/local/texlive/2023basic/texmf-dist/tex/latex/epstopdf-pkg/epstopdf-base.s
ty
Package: epstopdf-base 2020-01-24 v2.11 Base part for package epstopdf
Package epstopdf-base Info: Redefining graphics rule for `.eps' on input line 4
85.

(/usr/local/texlive/2023basic/texmf-dist/tex/latex/latexconfig/epstopdf-sys.cfg
File: epstopdf-sys.cfg 2010/07/13 v1.3 Configuration of (r)epstopdf for TeX Liv
e
))
LaTeX Font Info:    External font `cmex10' loaded for size
(Font)              <12> on input line 15.
LaTeX Font Info:    External font `cmex10' loaded for size
(Font)              <8> on input line 15.
LaTeX Font Info:    External font `cmex10' loaded for size
(Font)              <6> on input line 15.
<ejercicio1/productorSleep.png, id=1, 1270.7475pt x 726.715pt>
File: ejercicio1/productorSleep.png Graphic file (type png)
<use ejercicio1/productorSleep.png>
Package pdftex.def Info: ejercicio1/productorSleep.png  used on input line 27.
(pdftex.def)             Requested size: 234.5pt x 134.0964pt.

Overfull \hbox (5.0pt too wide) in paragraph at lines 27--28
 [][] 
 []

<ejercicio1/productorCarrera.jpg, id=3, 1885.0425pt x 389.455pt>
File: ejercicio1/productorCarrera.jpg Graphic file (type jpg)
<use ejercicio1/productorCarrera.jpg>
Package pdftex.def Info: ejercicio1/productorCarrera.jpg  used on input line 36
.
(pdftex.def)             Requested size: 234.5pt x 48.44405pt.

Overfull \hbox (5.0pt too wide) in paragraph at lines 36--37
 [][] 
 []


Underfull \vbox (badness 10000) has occurred while \output is active []

<ejercicio1/consumidorSleep.png, id=4, 1648.1575pt x 1088.065pt>
File: ejercicio1/consumidorSleep.png Graphic file (type png)
<use ejercicio1/consumidorSleep.png>
Package pdftex.def Info: ejercicio1/consumidorSleep.png  used on input line 49.

(pdftex.def)             Requested size: 234.5pt x 154.80183pt.

Overfull \hbox (5.0pt too wide) in paragraph at lines 49--50
 [][] 
 []


Underfull \vbox (badness 10000) has occurred while \output is active []

 [1{/usr/local/texlive/2023basic/texmf-var/fonts/map/pdftex/updmap/pdftex.map}


 <./ejercicio1/productorSleep.png> <./ejercicio1/productorCarrera.jpg>]
<ejercicio1/consumidorCarrera.jpg, id=15, 1282.7925pt x 160.6pt>
File: ejercicio1/consumidorCarrera.jpg Graphic file (type jpg)
<use ejercicio1/consumidorCarrera.jpg>
Package pdftex.def Info: ejercicio1/consumidorCarrera.jpg  used on input line 5
8.
(pdftex.def)             Requested size: 234.5pt x 29.35765pt.

Overfull \hbox (5.0pt too wide) in paragraph at lines 58--59
 [][] 
 []

<ejercicio2/consumidor.jpg, id=16, 1893.0725pt x 220.825pt>
File: ejercicio2/consumidor.jpg Graphic file (type jpg)
<use ejercicio2/consumidor.jpg>
Package pdftex.def Info: ejercicio2/consumidor.jpg  used on input line 83.
(pdftex.def)             Requested size: 234.5pt x 27.3537pt.

Overfull \hbox (5.0pt too wide) in paragraph at lines 83--84
 [][] 
 []

<ejercicio2/productor.jpg, id=17, 1282.7925pt x 299.1175pt>
File: ejercicio2/productor.jpg Graphic file (type jpg)
<use ejercicio2/productor.jpg>
Package pdftex.def Info: ejercicio2/productor.jpg  used on input line 90.
(pdftex.def)             Requested size: 234.5pt x 54.67862pt.

Overfull \hbox (5.0pt too wide) in paragraph at lines 90--91
 [][] 
 []

LaTeX Font Info:    External font `cmex10' loaded for size
(Font)              <7> on input line 99.
LaTeX Font Info:    External font `cmex10' loaded for size
(Font)              <5> on input line 99.
[2 <./ejercicio1/consumidorSleep.png> <./ejercicio1/consumidorCarrera.jpg> <./e
jercicio2/consumidor.jpg> <./ejercicio2/productor.jpg>]
Underfull \hbox (badness 1259) in paragraph at lines 117--118
[]\OT1/cmr/m/n/10 Esta so-lu-ci^^Son de-mues-tra la efec-ti-vi-dad de los
 []

! Undefined control sequence.
l.120 \lipsum
             [5-6] % Texto de prueba
? 
! Undefined control sequence.
l.123 \lipsum
             [7-8] % Texto de prueba
? 
[3] (./informe.aux
LaTeX Info: Redefining \. on input line 8.
LaTeX Info: Redefining \% on input line 8.
)

LaTeX Warning: There were multiply-defined labels.

 ) 
Here is how much of TeX's memory you used:
 2845 strings out of 477476
 48085 string characters out of 5824243
 1860388 words of memory out of 5000000
 23090 multiletter control sequences out of 15000+600000
 516402 words of font info for 46 fonts, out of 8000000 for 9000
 319 hyphenation exceptions out of 8191
 57i,8n,62p,624b,365s stack positions out of 10000i,1000n,20000p,200000b,200000s
</usr/local/texlive/2023basic/texmf-dist/fonts/type1/public/amsfonts/cm/cmbx1
2.pfb></usr/local/texlive/2023basic/texmf-dist/fonts/type1/public/amsfonts/cm/c
mmi10.pfb></usr/local/texlive/2023basic/texmf-dist/fonts/type1/public/amsfonts/
cm/cmr10.pfb></usr/local/texlive/2023basic/texmf-dist/fonts/type1/public/amsfon
ts/cm/cmr12.pfb></usr/local/texlive/2023basic/texmf-dist/fonts/type1/public/ams
fonts/cm/cmr17.pfb></usr/local/texlive/2023basic/texmf-dist/fonts/type1/public/
amsfonts/cm/cmtt10.pfb>
Output written on informe.pdf (3 pages, 616252 bytes).
PDF statistics:
 53 PDF objects out of 1000 (max. 8388607)
 27 compressed objects within 1 object stream
 0 named destinations out of 1000 (max. 500000)
 31 words of extra memory for PDF output out of 10000 (max. 10000000)

